<?xml version="1.0" encoding="UTF-8"?>
<testsuite name="Scenario: creation succesful with correct username and password" tests="4" skipped="0" failures="0" errors="0" timestamp="2017-03-29T14:49:22" hostname="dhcp-asv-98" time="0.005">
  <properties/>
  <testcase name="Given command new user is selected" classname="Scenario: creation succesful with correct username and password" time="0.0"/>
  <testcase name="When username &quot;ossi&quot; and password &quot;pekka123&quot; are entered" classname="Scenario: creation succesful with correct username and password" time="0.0"/>
  <testcase name="Then system will respond with &quot;new user registered&quot;" classname="Scenario: creation succesful with correct username and password" time="0.004"/>
  <testcase name="classMethod" classname="Scenario: creation succesful with correct username and password" time="0.005"/>
  <system-out><![CDATA[]]></system-out>
  <system-err><![CDATA[]]></system-err>
</testsuite>
